<?xml version="1.0" encoding="UTF-8"?>
<!-- Generated by org.testng.reporters.JUnitXMLReporter -->
<testsuite ignored="0" hostname="Jovans-MacBook-Pro.local" failures="0" tests="2" name="NegativeTests" time="8.521" errors="0" timestamp="2024-03-31T22:18:02 PDT">
  <testcase classname="com.herokuapp.theinternet.NegativeTests" name="incorrectPasswordTest" time="4.919"/>
  <testcase classname="com.herokuapp.theinternet.NegativeTests" name="incorrectUsernameTest" time="3.595"/>
</testsuite> <!-- NegativeTests -->
