<?xml version="1.0" encoding="UTF-8"?>
<testng-results ignored="0" total="1" passed="1" failed="0" skipped="0">
  <reporter-output>
  </reporter-output>
  <suite started-at="2024-04-16T23:16:07 PDT" name="Debug" finished-at="2024-04-16T23:16:17 PDT" duration-ms="9602">
    <groups>
    </groups>
    <test started-at="2024-04-16T23:16:07 PDT" name="ExceptionsTest" finished-at="2024-04-16T23:16:17 PDT" duration-ms="9602">
      <class name="com.herokuapp.theinternet.ExceptionsTests">
        <test-method is-config="true" signature="setUp(java.lang.String)[pri:0, instance:com.herokuapp.theinternet.ExceptionsTests@4b0b0854]" started-at="2024-04-16T23:16:07 PDT" name="setUp" finished-at="2024-04-16T23:16:13 PDT" duration-ms="5571" status="PASS">
          <params>
            <param index="0">
              <value>
                <![CDATA[chrome]]>
              </value>
            </param>
          </params>
          <reporter-output>
          </reporter-output>
        </test-method> <!-- setUp -->
        <test-method signature="staleElementReferenceExceptionTest()[pri:0, instance:com.herokuapp.theinternet.ExceptionsTests@4b0b0854]" started-at="2024-04-16T23:16:13 PDT" name="staleElementReferenceExceptionTest" finished-at="2024-04-16T23:16:17 PDT" duration-ms="3816" status="PASS">
          <reporter-output>
          </reporter-output>
        </test-method> <!-- staleElementReferenceExceptionTest -->
        <test-method is-config="true" signature="tearDown()[pri:0, instance:com.herokuapp.theinternet.ExceptionsTests@4b0b0854]" started-at="2024-04-16T23:16:17 PDT" name="tearDown" finished-at="2024-04-16T23:16:17 PDT" duration-ms="174" status="PASS">
          <reporter-output>
          </reporter-output>
        </test-method> <!-- tearDown -->
      </class> <!-- com.herokuapp.theinternet.ExceptionsTests -->
    </test> <!-- ExceptionsTest -->
  </suite> <!-- Debug -->
</testng-results>
