<?xml version="1.0" encoding="UTF-8"?>
<!-- Generated by org.testng.reporters.JUnitXMLReporter -->
<testsuite ignored="3" hostname="Jovans-MacBook-Pro.local" failures="0" tests="1" name="ExceptionsTest" time="9.602" errors="0" timestamp="2024-04-16T23:16:17 PDT">
  <testcase classname="com.herokuapp.theinternet.ExceptionsTests" name="staleElementReferenceExceptionTest" time="3.816"/>
  <testcase classname="com.herokuapp.theinternet.ExceptionsTests" name="invalidElementStateExceptionTest" time="0.0">
    <ignored/>
  </testcase> <!-- invalidElementStateExceptionTest -->
  <testcase classname="com.herokuapp.theinternet.ExceptionsTests" name="noSuchElementExceptionTest" time="0.0">
    <ignored/>
  </testcase> <!-- noSuchElementExceptionTest -->
  <testcase classname="com.herokuapp.theinternet.ExceptionsTests" name="elementNotInteractableExceptionTest" time="0.0">
    <ignored/>
  </testcase> <!-- elementNotInteractableExceptionTest -->
</testsuite> <!-- ExceptionsTest -->
