<?xml version="1.0" encoding="UTF-8"?>
<!-- Generated by org.testng.reporters.JUnitXMLReporter -->
<testsuite ignored="1" hostname="Jovans-MacBook-Pro.local" failures="0" tests="1" name="PositiveTests" time="21.105" errors="0" timestamp="2024-04-10T21:50:17 PDT">
  <testcase classname="com.herokuapp.theinternet.LoginTests" name="positiveLoginTest" time="2.272"/>
  <testcase classname="com.herokuapp.theinternet.LoginTests" name="negativeLoginTest" time="0.0">
    <ignored/>
  </testcase> <!-- negativeLoginTest -->
</testsuite> <!-- PositiveTests -->
